2025-09-20 17:16:18 [[31merror[39m]: Error: listen EADDRINUSE: address already in use :::5000
    at Server.setupListenHandle [as _listen2] (node:net:1904:16)
    at listenInCluster (node:net:1961:12)
    at Server.listen (node:net:2063:7)
    at Object.<anonymous> (C:\Users\crist\OneDrive\Escritorio\pos-web-professional\backend\src\server.ts:144:8)
    at Module._compile (node:internal/modules/cjs/loader:1469:14)
    at Module.m._compile (C:\Users\crist\OneDrive\Escritorio\pos-web-professional\node_modules\ts-node\src\index.ts:1618:23)
    at Module._extensions..js (node:internal/modules/cjs/loader:1548:10)
    at Object.require.extensions.<computed> [as .ts] (C:\Users\crist\OneDrive\Escritorio\pos-web-professional\node_modules\ts-node\src\index.ts:1621:12)
    at Module.load (node:internal/modules/cjs/loader:1288:32)
    at Function.Module._load (node:internal/modules/cjs/loader:1104:12)
2025-09-20 17:56:16 [[31merror[39m]: Error: listen EADDRINUSE: address already in use :::5000
    at Server.setupListenHandle [as _listen2] (node:net:1904:16)
    at listenInCluster (node:net:1961:12)
    at Server.listen (node:net:2063:7)
    at Object.<anonymous> (C:\Users\crist\OneDrive\Escritorio\pos-web-professional\backend\dist\server.js:114:8)
    at Module._compile (node:internal/modules/cjs/loader:1469:14)
    at Module._extensions..js (node:internal/modules/cjs/loader:1548:10)
    at Module.load (node:internal/modules/cjs/loader:1288:32)
    at Module._load (node:internal/modules/cjs/loader:1104:12)
    at Function.executeUserEntryPoint [as runMain] (node:internal/modules/run_main:174:12)
    at node:internal/main/run_main_module:28:49
2025-09-20 17:57:00 [[31merror[39m]: Error: listen EADDRINUSE: address already in use :::5000
    at Server.setupListenHandle [as _listen2] (node:net:1904:16)
    at listenInCluster (node:net:1961:12)
    at Server.listen (node:net:2063:7)
    at Object.<anonymous> (C:\Users\crist\OneDrive\Escritorio\pos-web-professional\backend\src\server.ts:144:8)
    at Module._compile (node:internal/modules/cjs/loader:1469:14)
    at Module.m._compile (C:\Users\crist\OneDrive\Escritorio\pos-web-professional\node_modules\ts-node\src\index.ts:1618:23)
    at Module._extensions..js (node:internal/modules/cjs/loader:1548:10)
    at Object.require.extensions.<computed> [as .ts] (C:\Users\crist\OneDrive\Escritorio\pos-web-professional\node_modules\ts-node\src\index.ts:1621:12)
    at Module.load (node:internal/modules/cjs/loader:1288:32)
    at Function.Module._load (node:internal/modules/cjs/loader:1104:12)
2025-09-20 18:25:36 [[31merror[39m]: Error: listen EADDRINUSE: address already in use :::5000
    at Server.setupListenHandle [as _listen2] (node:net:1904:16)
    at listenInCluster (node:net:1961:12)
    at Server.listen (node:net:2063:7)
    at Object.<anonymous> (C:\Users\crist\OneDrive\Escritorio\pos-web-professional\backend\src\server.ts:144:8)
    at Module._compile (node:internal/modules/cjs/loader:1469:14)
    at Module.m._compile (C:\Users\crist\OneDrive\Escritorio\pos-web-professional\node_modules\ts-node\src\index.ts:1618:23)
    at Module._extensions..js (node:internal/modules/cjs/loader:1548:10)
    at Object.require.extensions.<computed> [as .ts] (C:\Users\crist\OneDrive\Escritorio\pos-web-professional\node_modules\ts-node\src\index.ts:1621:12)
    at Module.load (node:internal/modules/cjs/loader:1288:32)
    at Function.Module._load (node:internal/modules/cjs/loader:1104:12)
2025-09-20 18:38:06 [[31merror[39m]: TSError: тип Unable to compile TypeScript:
[96msrc/controllers/ParkingController.ts[0m:[93m89[0m:[93m13[0m - [91merror[0m[90m TS2339: [0mProperty 'user' does not exist on type 'Request<ParamsDictionary, any, any, ParsedQs, Record<string, any>>'.

[7m89[0m         req.user?.username || 'sistema'
[7m  [0m [91m            ~~~~[0m

    at createTSError (C:\Users\crist\OneDrive\Escritorio\pos-web-professional\node_modules\ts-node\src\index.ts:859:12)
    at reportTSError (C:\Users\crist\OneDrive\Escritorio\pos-web-professional\node_modules\ts-node\src\index.ts:863:19)
    at getOutput (C:\Users\crist\OneDrive\Escritorio\pos-web-professional\node_modules\ts-node\src\index.ts:1077:36)
    at Object.compile (C:\Users\crist\OneDrive\Escritorio\pos-web-professional\node_modules\ts-node\src\index.ts:1433:41)
    at Module.m._compile (C:\Users\crist\OneDrive\Escritorio\pos-web-professional\node_modules\ts-node\src\index.ts:1617:30)
    at Module._extensions..js (node:internal/modules/cjs/loader:1548:10)
    at Object.require.extensions.<computed> [as .ts] (C:\Users\crist\OneDrive\Escritorio\pos-web-professional\node_modules\ts-node\src\index.ts:1621:12)
    at Module.load (node:internal/modules/cjs/loader:1288:32)
    at Function.Module._load (node:internal/modules/cjs/loader:1104:12)
    at Module.require (node:internal/modules/cjs/loader:1311:19)
2025-09-20 18:38:46 [[31merror[39m]: TSError: тип Unable to compile TypeScript:
[96msrc/controllers/ParkingController.ts[0m:[93m89[0m:[93m13[0m - [91merror[0m[90m TS2339: [0mProperty 'user' does not exist on type 'Request<ParamsDictionary, any, any, ParsedQs, Record<string, any>>'.

[7m89[0m         req.user?.username || 'sistema'
[7m  [0m [91m            ~~~~[0m

    at createTSError (C:\Users\crist\OneDrive\Escritorio\pos-web-professional\node_modules\ts-node\src\index.ts:859:12)
    at reportTSError (C:\Users\crist\OneDrive\Escritorio\pos-web-professional\node_modules\ts-node\src\index.ts:863:19)
    at getOutput (C:\Users\crist\OneDrive\Escritorio\pos-web-professional\node_modules\ts-node\src\index.ts:1077:36)
    at Object.compile (C:\Users\crist\OneDrive\Escritorio\pos-web-professional\node_modules\ts-node\src\index.ts:1433:41)
    at Module.m._compile (C:\Users\crist\OneDrive\Escritorio\pos-web-professional\node_modules\ts-node\src\index.ts:1617:30)
    at Module._extensions..js (node:internal/modules/cjs/loader:1548:10)
    at Object.require.extensions.<computed> [as .ts] (C:\Users\crist\OneDrive\Escritorio\pos-web-professional\node_modules\ts-node\src\index.ts:1621:12)
    at Module.load (node:internal/modules/cjs/loader:1288:32)
    at Function.Module._load (node:internal/modules/cjs/loader:1104:12)
    at Module.require (node:internal/modules/cjs/loader:1311:19)
2025-09-20 18:38:53 [[31merror[39m]: TSError: тип Unable to compile TypeScript:
[96msrc/controllers/ParkingController.ts[0m:[93m89[0m:[93m13[0m - [91merror[0m[90m TS2339: [0mProperty 'user' does not exist on type 'Request<ParamsDictionary, any, any, ParsedQs, Record<string, any>>'.

[7m89[0m         req.user?.username || 'sistema'
[7m  [0m [91m            ~~~~[0m

    at createTSError (C:\Users\crist\OneDrive\Escritorio\pos-web-professional\node_modules\ts-node\src\index.ts:859:12)
    at reportTSError (C:\Users\crist\OneDrive\Escritorio\pos-web-professional\node_modules\ts-node\src\index.ts:863:19)
    at getOutput (C:\Users\crist\OneDrive\Escritorio\pos-web-professional\node_modules\ts-node\src\index.ts:1077:36)
    at Object.compile (C:\Users\crist\OneDrive\Escritorio\pos-web-professional\node_modules\ts-node\src\index.ts:1433:41)
    at Module.m._compile (C:\Users\crist\OneDrive\Escritorio\pos-web-professional\node_modules\ts-node\src\index.ts:1617:30)
    at Module._extensions..js (node:internal/modules/cjs/loader:1548:10)
    at Object.require.extensions.<computed> [as .ts] (C:\Users\crist\OneDrive\Escritorio\pos-web-professional\node_modules\ts-node\src\index.ts:1621:12)
    at Module.load (node:internal/modules/cjs/loader:1288:32)
    at Function.Module._load (node:internal/modules/cjs/loader:1104:12)
    at Module.require (node:internal/modules/cjs/loader:1311:19)
2025-09-20 18:39:02 [[31merror[39m]: Error: SQLITE_ERROR: no such table: tipos_vehiculos
2025-09-20 18:39:02 [[31merror[39m]: Error: SQLITE_ERROR: no such table: servicios_lavadero
2025-09-20 18:39:02 [[31merror[39m]: Error: SQLITE_ERROR: no such table: empresa_config
2025-09-20 18:41:47 [[31merror[39m]: Error: listen EADDRINUSE: address already in use :::5000
    at Server.setupListenHandle [as _listen2] (node:net:1904:16)
    at listenInCluster (node:net:1961:12)
    at Server.listen (node:net:2063:7)
    at Object.<anonymous> (C:\Users\crist\OneDrive\Escritorio\pos-web-professional\backend\src\server.ts:144:8)
    at Module._compile (node:internal/modules/cjs/loader:1469:14)
    at Module.m._compile (C:\Users\crist\OneDrive\Escritorio\pos-web-professional\node_modules\ts-node\src\index.ts:1618:23)
    at Module._extensions..js (node:internal/modules/cjs/loader:1548:10)
    at Object.require.extensions.<computed> [as .ts] (C:\Users\crist\OneDrive\Escritorio\pos-web-professional\node_modules\ts-node\src\index.ts:1621:12)
    at Module.load (node:internal/modules/cjs/loader:1288:32)
    at Function.Module._load (node:internal/modules/cjs/loader:1104:12)
2025-09-20 19:20:18 [[31merror[39m]: Error: listen EADDRINUSE: address already in use :::5000
    at Server.setupListenHandle [as _listen2] (node:net:1904:16)
    at listenInCluster (node:net:1961:12)
    at Server.listen (node:net:2063:7)
    at Object.<anonymous> (C:\Users\crist\OneDrive\Escritorio\pos-web-professional\backend\dist\server.js:116:8)
    at Module._compile (node:internal/modules/cjs/loader:1469:14)
    at Module._extensions..js (node:internal/modules/cjs/loader:1548:10)
    at Module.load (node:internal/modules/cjs/loader:1288:32)
    at Module._load (node:internal/modules/cjs/loader:1104:12)
    at Function.executeUserEntryPoint [as runMain] (node:internal/modules/run_main:174:12)
    at node:internal/main/run_main_module:28:49
2025-09-20 19:20:18 [[31merror[39m]: Error: SQLITE_ERROR: no such table: servicios_lavadero
2025-09-20 19:20:18 [[31merror[39m]: Error: SQLITE_ERROR: no such table: empresa_config
2025-09-20 19:20:18 [[31merror[39m]: Error: SQLITE_ERROR: no such table: tipos_vehiculos
2025-09-20 20:28:42 [[31merror[39m]: Error: listen EADDRINUSE: address already in use :::5000
    at Server.setupListenHandle [as _listen2] (node:net:1904:16)
    at listenInCluster (node:net:1961:12)
    at Server.listen (node:net:2063:7)
    at Object.<anonymous> (C:\Users\crist\OneDrive\Escritorio\pos-web-professional\backend\src\server.ts:146:8)
    at Module._compile (node:internal/modules/cjs/loader:1469:14)
    at Module.m._compile (C:\Users\crist\OneDrive\Escritorio\pos-web-professional\node_modules\ts-node\src\index.ts:1618:23)
    at Module._extensions..js (node:internal/modules/cjs/loader:1548:10)
    at Object.require.extensions.<computed> [as .ts] (C:\Users\crist\OneDrive\Escritorio\pos-web-professional\node_modules\ts-node\src\index.ts:1621:12)
    at Module.load (node:internal/modules/cjs/loader:1288:32)
    at Function.Module._load (node:internal/modules/cjs/loader:1104:12)
2025-09-20 21:03:43 [[31merror[39m]: Error: listen EADDRINUSE: address already in use :::5000
    at Server.setupListenHandle [as _listen2] (node:net:1904:16)
    at listenInCluster (node:net:1961:12)
    at Server.listen (node:net:2063:7)
    at Object.<anonymous> (C:\Users\crist\OneDrive\Escritorio\pos-web-professional\backend\src\server.ts:146:8)
    at Module._compile (node:internal/modules/cjs/loader:1469:14)
    at Module.m._compile (C:\Users\crist\OneDrive\Escritorio\pos-web-professional\node_modules\ts-node\src\index.ts:1618:23)
    at Module._extensions..js (node:internal/modules/cjs/loader:1548:10)
    at Object.require.extensions.<computed> [as .ts] (C:\Users\crist\OneDrive\Escritorio\pos-web-professional\node_modules\ts-node\src\index.ts:1621:12)
    at Module.load (node:internal/modules/cjs/loader:1288:32)
    at Function.Module._load (node:internal/modules/cjs/loader:1104:12)
2025-09-20 21:40:17 [[31merror[39m]: Error: listen EADDRINUSE: address already in use :::5000
    at Server.setupListenHandle [as _listen2] (node:net:1904:16)
    at listenInCluster (node:net:1961:12)
    at Server.listen (node:net:2063:7)
    at Object.<anonymous> (C:\Users\crist\OneDrive\Escritorio\pos-web-professional\backend\src\server.ts:146:8)
    at Module._compile (node:internal/modules/cjs/loader:1469:14)
    at Module.m._compile (C:\Users\crist\OneDrive\Escritorio\pos-web-professional\node_modules\ts-node\src\index.ts:1618:23)
    at Module._extensions..js (node:internal/modules/cjs/loader:1548:10)
    at Object.require.extensions.<computed> [as .ts] (C:\Users\crist\OneDrive\Escritorio\pos-web-professional\node_modules\ts-node\src\index.ts:1621:12)
    at Module.load (node:internal/modules/cjs/loader:1288:32)
    at Function.Module._load (node:internal/modules/cjs/loader:1104:12)
2025-09-20 23:27:13 [[31merror[39m]: Error: listen EADDRINUSE: address already in use :::5000
    at Server.setupListenHandle [as _listen2] (node:net:1904:16)
    at listenInCluster (node:net:1961:12)
    at Server.listen (node:net:2063:7)
    at Object.<anonymous> (C:\Users\crist\OneDrive\Escritorio\pos-web-professional\backend\src\server.ts:146:8)
    at Module._compile (node:internal/modules/cjs/loader:1469:14)
    at Module.m._compile (C:\Users\crist\OneDrive\Escritorio\pos-web-professional\node_modules\ts-node\src\index.ts:1618:23)
    at Module._extensions..js (node:internal/modules/cjs/loader:1548:10)
    at Object.require.extensions.<computed> [as .ts] (C:\Users\crist\OneDrive\Escritorio\pos-web-professional\node_modules\ts-node\src\index.ts:1621:12)
    at Module.load (node:internal/modules/cjs/loader:1288:32)
    at Function.Module._load (node:internal/modules/cjs/loader:1104:12)
2025-09-20 23:28:52 [[31merror[39m]: Error: listen EADDRINUSE: address already in use :::5000
    at Server.setupListenHandle [as _listen2] (node:net:1904:16)
    at listenInCluster (node:net:1961:12)
    at Server.listen (node:net:2063:7)
    at Object.<anonymous> (C:\Users\crist\OneDrive\Escritorio\pos-web-professional\backend\src\server.ts:146:8)
    at Module._compile (node:internal/modules/cjs/loader:1469:14)
    at Module.m._compile (C:\Users\crist\OneDrive\Escritorio\pos-web-professional\node_modules\ts-node\src\index.ts:1618:23)
    at Module._extensions..js (node:internal/modules/cjs/loader:1548:10)
    at Object.require.extensions.<computed> [as .ts] (C:\Users\crist\OneDrive\Escritorio\pos-web-professional\node_modules\ts-node\src\index.ts:1621:12)
    at Module.load (node:internal/modules/cjs/loader:1288:32)
    at Function.Module._load (node:internal/modules/cjs/loader:1104:12)
2025-09-20 23:31:07 [[31merror[39m]: Error: listen EADDRINUSE: address already in use :::5000
    at Server.setupListenHandle [as _listen2] (node:net:1904:16)
    at listenInCluster (node:net:1961:12)
    at Server.listen (node:net:2063:7)
    at Object.<anonymous> (C:\Users\crist\OneDrive\Escritorio\pos-web-professional\backend\src\server.ts:146:8)
    at Module._compile (node:internal/modules/cjs/loader:1469:14)
    at Module.m._compile (C:\Users\crist\OneDrive\Escritorio\pos-web-professional\node_modules\ts-node\src\index.ts:1618:23)
    at Module._extensions..js (node:internal/modules/cjs/loader:1548:10)
    at Object.require.extensions.<computed> [as .ts] (C:\Users\crist\OneDrive\Escritorio\pos-web-professional\node_modules\ts-node\src\index.ts:1621:12)
    at Module.load (node:internal/modules/cjs/loader:1288:32)
    at Function.Module._load (node:internal/modules/cjs/loader:1104:12)
2025-09-24 17:08:51 [[31merror[39m]: Error: listen EADDRINUSE: address already in use :::5000
    at Server.setupListenHandle [as _listen2] (node:net:1904:16)
    at listenInCluster (node:net:1961:12)
    at Server.listen (node:net:2063:7)
    at Object.<anonymous> (C:\Users\crist\OneDrive\Escritorio\pos-web-professional\backend\src\server.ts:146:8)
    at Module._compile (node:internal/modules/cjs/loader:1469:14)
    at Module.m._compile (C:\Users\crist\OneDrive\Escritorio\pos-web-professional\node_modules\ts-node\src\index.ts:1618:23)
    at Module._extensions..js (node:internal/modules/cjs/loader:1548:10)
    at Object.require.extensions.<computed> [as .ts] (C:\Users\crist\OneDrive\Escritorio\pos-web-professional\node_modules\ts-node\src\index.ts:1621:12)
    at Module.load (node:internal/modules/cjs/loader:1288:32)
    at Function.Module._load (node:internal/modules/cjs/loader:1104:12)
2025-09-24 17:46:13 [[31merror[39m]: Error: listen EADDRINUSE: address already in use :::5000
    at Server.setupListenHandle [as _listen2] (node:net:1904:16)
    at listenInCluster (node:net:1961:12)
    at Server.listen (node:net:2063:7)
    at Object.<anonymous> (C:\Users\crist\OneDrive\Escritorio\pos-web-professional\backend\src\server.ts:151:8)
    at Module._compile (node:internal/modules/cjs/loader:1469:14)
    at Module.m._compile (C:\Users\crist\OneDrive\Escritorio\pos-web-professional\node_modules\ts-node\src\index.ts:1618:23)
    at Module._extensions..js (node:internal/modules/cjs/loader:1548:10)
    at Object.require.extensions.<computed> [as .ts] (C:\Users\crist\OneDrive\Escritorio\pos-web-professional\node_modules\ts-node\src\index.ts:1621:12)
    at Module.load (node:internal/modules/cjs/loader:1288:32)
    at Function.Module._load (node:internal/modules/cjs/loader:1104:12)
2025-09-24 17:46:47 [[31merror[39m]: Error: listen EADDRINUSE: address already in use :::5000
    at Server.setupListenHandle [as _listen2] (node:net:1904:16)
    at listenInCluster (node:net:1961:12)
    at Server.listen (node:net:2063:7)
    at Object.<anonymous> (C:\Users\crist\OneDrive\Escritorio\pos-web-professional\backend\src\server.ts:151:8)
    at Module._compile (node:internal/modules/cjs/loader:1469:14)
    at Module.m._compile (C:\Users\crist\OneDrive\Escritorio\pos-web-professional\node_modules\ts-node\src\index.ts:1618:23)
    at Module._extensions..js (node:internal/modules/cjs/loader:1548:10)
    at Object.require.extensions.<computed> [as .ts] (C:\Users\crist\OneDrive\Escritorio\pos-web-professional\node_modules\ts-node\src\index.ts:1621:12)
    at Module.load (node:internal/modules/cjs/loader:1288:32)
    at Function.Module._load (node:internal/modules/cjs/loader:1104:12)
2025-09-24 18:53:13 [[31merror[39m]: Error: listen EADDRINUSE: address already in use :::5000
    at Server.setupListenHandle [as _listen2] (node:net:1904:16)
    at listenInCluster (node:net:1961:12)
    at Server.listen (node:net:2063:7)
    at Object.<anonymous> (C:\Users\crist\OneDrive\Escritorio\pos-web-professional\backend\src\server.ts:151:8)
    at Module._compile (node:internal/modules/cjs/loader:1469:14)
    at Module.m._compile (C:\Users\crist\OneDrive\Escritorio\pos-web-professional\node_modules\ts-node\src\index.ts:1618:23)
    at Module._extensions..js (node:internal/modules/cjs/loader:1548:10)
    at Object.require.extensions.<computed> [as .ts] (C:\Users\crist\OneDrive\Escritorio\pos-web-professional\node_modules\ts-node\src\index.ts:1621:12)
    at Module.load (node:internal/modules/cjs/loader:1288:32)
    at Function.Module._load (node:internal/modules/cjs/loader:1104:12)
2025-09-24 19:15:43 [[31merror[39m]: Error: listen EADDRINUSE: address already in use :::5000
    at Server.setupListenHandle [as _listen2] (node:net:1904:16)
    at listenInCluster (node:net:1961:12)
    at Server.listen (node:net:2063:7)
    at Object.<anonymous> (C:\Users\crist\OneDrive\Escritorio\pos-web-professional\backend\src\server.ts:151:8)
    at Module._compile (node:internal/modules/cjs/loader:1469:14)
    at Module.m._compile (C:\Users\crist\OneDrive\Escritorio\pos-web-professional\node_modules\ts-node\src\index.ts:1618:23)
    at Module._extensions..js (node:internal/modules/cjs/loader:1548:10)
    at Object.require.extensions.<computed> [as .ts] (C:\Users\crist\OneDrive\Escritorio\pos-web-professional\node_modules\ts-node\src\index.ts:1621:12)
    at Module.load (node:internal/modules/cjs/loader:1288:32)
    at Function.Module._load (node:internal/modules/cjs/loader:1104:12)
2025-09-24 19:24:04 [[31merror[39m]: Error: listen EADDRINUSE: address already in use :::5000
    at Server.setupListenHandle [as _listen2] (node:net:1904:16)
    at listenInCluster (node:net:1961:12)
    at Server.listen (node:net:2063:7)
    at Object.<anonymous> (C:\Users\crist\OneDrive\Escritorio\pos-web-professional\backend\src\server.ts:151:8)
    at Module._compile (node:internal/modules/cjs/loader:1469:14)
    at Module.m._compile (C:\Users\crist\OneDrive\Escritorio\pos-web-professional\node_modules\ts-node\src\index.ts:1618:23)
    at Module._extensions..js (node:internal/modules/cjs/loader:1548:10)
    at Object.require.extensions.<computed> [as .ts] (C:\Users\crist\OneDrive\Escritorio\pos-web-professional\node_modules\ts-node\src\index.ts:1621:12)
    at Module.load (node:internal/modules/cjs/loader:1288:32)
    at Function.Module._load (node:internal/modules/cjs/loader:1104:12)
2025-09-25 18:58:30 [[31merror[39m]: Error: listen EADDRINUSE: address already in use :::5000
    at Server.setupListenHandle [as _listen2] (node:net:1904:16)
    at listenInCluster (node:net:1961:12)
    at Server.listen (node:net:2063:7)
    at Object.<anonymous> (C:\Users\crist\OneDrive\Escritorio\pos-web-professional\backend\src\server.ts:151:8)
    at Module._compile (node:internal/modules/cjs/loader:1469:14)
    at Module.m._compile (C:\Users\crist\OneDrive\Escritorio\pos-web-professional\node_modules\ts-node\src\index.ts:1618:23)
    at Module._extensions..js (node:internal/modules/cjs/loader:1548:10)
    at Object.require.extensions.<computed> [as .ts] (C:\Users\crist\OneDrive\Escritorio\pos-web-professional\node_modules\ts-node\src\index.ts:1621:12)
    at Module.load (node:internal/modules/cjs/loader:1288:32)
    at Function.Module._load (node:internal/modules/cjs/loader:1104:12)
2025-09-27 15:13:38 [[31merror[39m]: Error: listen EADDRINUSE: address already in use :::5000
    at Server.setupListenHandle [as _listen2] (node:net:1904:16)
    at listenInCluster (node:net:1961:12)
    at Server.listen (node:net:2063:7)
    at Object.<anonymous> (C:\Users\crist\OneDrive\Escritorio\pos-web-professional\backend\src\server.ts:151:8)
    at Module._compile (node:internal/modules/cjs/loader:1469:14)
    at Module.m._compile (C:\Users\crist\OneDrive\Escritorio\pos-web-professional\node_modules\ts-node\src\index.ts:1618:23)
    at Module._extensions..js (node:internal/modules/cjs/loader:1548:10)
    at Object.require.extensions.<computed> [as .ts] (C:\Users\crist\OneDrive\Escritorio\pos-web-professional\node_modules\ts-node\src\index.ts:1621:12)
    at Module.load (node:internal/modules/cjs/loader:1288:32)
    at Function.Module._load (node:internal/modules/cjs/loader:1104:12)
2025-09-27 15:30:32 [[31merror[39m]: Error: listen EADDRINUSE: address already in use :::5000
    at Server.setupListenHandle [as _listen2] (node:net:1904:16)
    at listenInCluster (node:net:1961:12)
    at Server.listen (node:net:2063:7)
    at Object.<anonymous> (C:\Users\crist\OneDrive\Escritorio\pos-web-professional\backend\src\server.ts:151:8)
    at Module._compile (node:internal/modules/cjs/loader:1469:14)
    at Module.m._compile (C:\Users\crist\OneDrive\Escritorio\pos-web-professional\node_modules\ts-node\src\index.ts:1618:23)
    at Module._extensions..js (node:internal/modules/cjs/loader:1548:10)
    at Object.require.extensions.<computed> [as .ts] (C:\Users\crist\OneDrive\Escritorio\pos-web-professional\node_modules\ts-node\src\index.ts:1621:12)
    at Module.load (node:internal/modules/cjs/loader:1288:32)
    at Function.Module._load (node:internal/modules/cjs/loader:1104:12)
2025-09-27 22:05:33 [[31merror[39m]: Error: listen EADDRINUSE: address already in use :::5000
    at Server.setupListenHandle [as _listen2] (node:net:1904:16)
    at listenInCluster (node:net:1961:12)
    at Server.listen (node:net:2063:7)
    at Object.<anonymous> (C:\Users\crist\OneDrive\Escritorio\pos-web-professional\backend\src\server.ts:151:8)
    at Module._compile (node:internal/modules/cjs/loader:1469:14)
    at Module.m._compile (C:\Users\crist\OneDrive\Escritorio\pos-web-professional\backend\node_modules\ts-node\src\index.ts:1618:23)
    at Module._extensions..js (node:internal/modules/cjs/loader:1548:10)
    at Object.require.extensions.<computed> [as .ts] (C:\Users\crist\OneDrive\Escritorio\pos-web-professional\backend\node_modules\ts-node\src\index.ts:1621:12)
    at Module.load (node:internal/modules/cjs/loader:1288:32)
    at Function.Module._load (node:internal/modules/cjs/loader:1104:12)
2025-09-27 22:06:45 [[31merror[39m]: Error: listen EADDRINUSE: address already in use :::5000
    at Server.setupListenHandle [as _listen2] (node:net:1904:16)
    at listenInCluster (node:net:1961:12)
    at Server.listen (node:net:2063:7)
    at Object.<anonymous> (C:\Users\crist\OneDrive\Escritorio\pos-web-professional\backend\src\server.ts:151:8)
    at Module._compile (node:internal/modules/cjs/loader:1469:14)
    at Module.m._compile (C:\Users\crist\OneDrive\Escritorio\pos-web-professional\backend\node_modules\ts-node\src\index.ts:1618:23)
    at Module._extensions..js (node:internal/modules/cjs/loader:1548:10)
    at Object.require.extensions.<computed> [as .ts] (C:\Users\crist\OneDrive\Escritorio\pos-web-professional\backend\node_modules\ts-node\src\index.ts:1621:12)
    at Module.load (node:internal/modules/cjs/loader:1288:32)
    at Function.Module._load (node:internal/modules/cjs/loader:1104:12)
2025-09-27 22:15:57 [[31merror[39m]: Error: listen EADDRINUSE: address already in use :::5000
    at Server.setupListenHandle [as _listen2] (node:net:1904:16)
    at listenInCluster (node:net:1961:12)
    at Server.listen (node:net:2063:7)
    at Object.<anonymous> (C:\Users\crist\OneDrive\Escritorio\pos-web-professional\backend\src\server.ts:151:8)
    at Module._compile (node:internal/modules/cjs/loader:1469:14)
    at Module.m._compile (C:\Users\crist\OneDrive\Escritorio\pos-web-professional\backend\node_modules\ts-node\src\index.ts:1618:23)
    at Module._extensions..js (node:internal/modules/cjs/loader:1548:10)
    at Object.require.extensions.<computed> [as .ts] (C:\Users\crist\OneDrive\Escritorio\pos-web-professional\backend\node_modules\ts-node\src\index.ts:1621:12)
    at Module.load (node:internal/modules/cjs/loader:1288:32)
    at Function.Module._load (node:internal/modules/cjs/loader:1104:12)
2025-09-27 23:54:28 [[31merror[39m]: Error: listen EADDRINUSE: address already in use :::5000
    at Server.setupListenHandle [as _listen2] (node:net:1904:16)
    at listenInCluster (node:net:1961:12)
    at Server.listen (node:net:2063:7)
    at Object.<anonymous> (C:\Users\crist\OneDrive\Escritorio\pos-web-professional\backend\src\server.ts:151:8)
    at Module._compile (node:internal/modules/cjs/loader:1469:14)
    at Module.m._compile (C:\Users\crist\OneDrive\Escritorio\pos-web-professional\backend\node_modules\ts-node\src\index.ts:1618:23)
    at Module._extensions..js (node:internal/modules/cjs/loader:1548:10)
    at Object.require.extensions.<computed> [as .ts] (C:\Users\crist\OneDrive\Escritorio\pos-web-professional\backend\node_modules\ts-node\src\index.ts:1621:12)
    at Module.load (node:internal/modules/cjs/loader:1288:32)
    at Function.Module._load (node:internal/modules/cjs/loader:1104:12)
